<?xml version="1.0" encoding="UTF-8"?>
<!-- Generated by org.testng.reporters.JUnitReportReporter -->
<testsuite hostname="Admin-PC" name="com.qa.test1.MySeleniumTestCases" tests="1" failures="0" timestamp="2 Oct 2019 03:50:06 GMT" time="12.349" errors="0">
  <testcase name="OpenAutomationRegistrationPage" time="12.349" classname="com.qa.test1.MySeleniumTestCases"/>
</testsuite> <!-- com.qa.test1.MySeleniumTestCases -->
