<?xml version="1.0" encoding="UTF-8"?>
<!-- Generated by org.testng.reporters.JUnitReportReporter -->
<testsuite hostname="Admin-PC" name="com.qa.test1.MySeleniumTestCases" tests="1" failures="0" timestamp="5 Sep 2019 14:03:18 GMT" time="55.835" errors="0">
  <testcase name="VerifyGoogleHomePageTitle" time="55.835" classname="com.qa.test1.MySeleniumTestCases"/>
</testsuite> <!-- com.qa.test1.MySeleniumTestCases -->
